Preparing to scan filesystem in mystery-disk.img for ext2/3/4 superblocks.

Info: Second argument missing. Deriving magic bytes offsets cache file name from filesystem file name:
mystery-disk.ext3-magic-bytes-offsets.txt
To use custom magic bytes offsets cache file, rerun and specify file name as second argument.

Omitting scan for magic bytes. Using cached offsets from file mystery-disk.ext3-magic-bytes-offsets.txt instead.
To trigger a new scan for magic bytes, delete the file and rerun!

Scan for superblocks complete. Found 21 candidate superblocks.
Printing superblock meta data...

Processing candidate superblock with magic bytes at 1080...
Superblock offset:     1024   (at 1024 in block 0)
Block size:            4096   (2**(10+2))
Filesystem size:       11525729222656 bytes   (2813898736 blocks, ~10734 GiB)

Processing candidate superblock with magic bytes at 26870840...
Superblock offset:     26870784   (at 1024 in block 6560)
Block size:            4096   (2**(10+2))
Filesystem size:       2889757667328 bytes   (705507243 blocks, ~2691 GiB)

Processing candidate superblock with magic bytes at 28382264...
Superblock offset:     28382208   (at 1024 in block 6929)
Block size:            4096   (2**(10+2))
Filesystem size:       15570294300672 bytes   (3801341382 blocks, ~14500 GiB)

Processing candidate superblock with magic bytes at 28836920...
Superblock offset:     28836864   (at 1024 in block 7040)
Block size:            4096   (2**(10+2))
Filesystem size:       12145292939264 bytes   (2965159409 blocks, ~11311 GiB)

Processing candidate superblock with magic bytes at 29492280...
Superblock offset:     29492224   (at 1024 in block 7200)
Block size:            4096   (2**(10+2))
Filesystem size:       14954794151936 bytes   (3651072791 blocks, ~13927 GiB)

Processing candidate superblock with magic bytes at 29975608...
Superblock offset:     29975552   (at 1024 in block 7318)
Block size:            4096   (2**(10+2))
Filesystem size:       11973759283200 bytes   (2923281075 blocks, ~11151 GiB)

Processing candidate superblock with magic bytes at 30602296...
Superblock offset:     30602240   (at 1024 in block 7471)
Block size:            4096   (2**(10+2))
Filesystem size:       16929645178880 bytes   (4133214155 blocks, ~15766 GiB)

Processing candidate superblock with magic bytes at 30667832...
Superblock offset:     30667776   (at 1024 in block 7487)
Block size:            4096   (2**(10+2))
Filesystem size:       17134283415552 bytes   (4183174662 blocks, ~15957 GiB)

Processing candidate superblock with magic bytes at 134217784...
Superblock offset:     134217728   (at 0 in block 32768)
Block size:            4096   (2**(10+2))
Filesystem size:       6483460464640 bytes   (1582876090 blocks, ~6038 GiB)

Processing candidate superblock with magic bytes at 402653240...
Superblock offset:     402653184   (at 0 in block 98304)
Block size:            4096   (2**(10+2))
Filesystem size:       15714381586432 bytes   (3836518942 blocks, ~14635 GiB)

Processing candidate superblock with magic bytes at 671088696...
Superblock offset:     671088640   (at 0 in block 163840)
Block size:            4096   (2**(10+2))
Filesystem size:       14381778804736 bytes   (3511176466 blocks, ~13394 GiB)

Processing candidate superblock with magic bytes at 939524152...
Superblock offset:     939524096   (at 0 in block 229376)
Block size:            4096   (2**(10+2))
Filesystem size:       16993991544832 bytes   (4148923717 blocks, ~15826 GiB)

Processing candidate superblock with magic bytes at 1207959608...
Superblock offset:     1207959552   (at 0 in block 294912)
Block size:            4096   (2**(10+2))
Filesystem size:       16208610140160 bytes   (3957180210 blocks, ~15095 GiB)

Processing candidate superblock with magic bytes at 3355443256...
Superblock offset:     3355443200   (at 0 in block 819200)
Block size:            4096   (2**(10+2))
Filesystem size:       9136138215424 bytes   (2230502494 blocks, ~8508 GiB)

Processing candidate superblock with magic bytes at 3623878712...
Superblock offset:     3623878656   (at 0 in block 884736)
Block size:            4096   (2**(10+2))
Filesystem size:       6034307440640 bytes   (1473219590 blocks, ~5619 GiB)

Processing candidate superblock with magic bytes at 6576668728...
Superblock offset:     6576668672   (at 0 in block 1605632)
Block size:            4096   (2**(10+2))
Filesystem size:       2646467072000 bytes   (646110125 blocks, ~2464 GiB)

Processing candidate superblock with magic bytes at 10871636024...
Superblock offset:     10871635968   (at 0 in block 2654208)
Block size:            4096   (2**(10+2))
Filesystem size:       14071189692416 bytes   (3435349046 blocks, ~13104 GiB)

Processing candidate superblock with magic bytes at 16777216056...
Superblock offset:     16777216000   (at 0 in block 4096000)
Block size:            4096   (2**(10+2))
Filesystem size:       764878540800 bytes   (186737925 blocks, ~712 GiB)

Processing candidate superblock with magic bytes at 32614907960...
Superblock offset:     32614907904   (at 0 in block 7962624)
Block size:            4096   (2**(10+2))
Filesystem size:       3201591873536 bytes   (781638641 blocks, ~2981 GiB)

Processing candidate superblock with magic bytes at 37909356558...
Superblock offset:     37909356502   (at 982 in block 37020855)
Block size:            1024   (2**(10+0))
Filesystem size:       0 bytes   (0 blocks, ~0 GiB)

Processing candidate superblock with magic bytes at 46036680760...
Superblock offset:     46036680704   (at 0 in block 11239424)
Block size:            4096   (2**(10+2))
Filesystem size:       10750096064512 bytes   (2624535172 blocks, ~10011 GiB)
